<?xml version="1.0" encoding="UTF-8"?>
<testng-results ignored="0" total="1" passed="1" failed="0" skipped="0">
  <reporter-output>
  </reporter-output>
  <suite started-at="2023-06-05T09:44:41 IST" name="Default suite" finished-at="2023-06-05T09:45:36 IST" duration-ms="55174">
    <groups>
    </groups>
    <test started-at="2023-06-05T09:44:41 IST" name="Default test" finished-at="2023-06-05T09:45:36 IST" duration-ms="55174">
      <class name="testpages.SigninTest">
        <test-method signature="doLogin()[pri:0, instance:testpages.SigninTest@306e95ec]" started-at="2023-06-05T09:44:41 IST" name="doLogin" finished-at="2023-06-05T09:45:36 IST" duration-ms="55109" status="PASS">
          <reporter-output>
          </reporter-output>
        </test-method> <!-- doLogin -->
      </class> <!-- testpages.SigninTest -->
    </test> <!-- Default test -->
  </suite> <!-- Default suite -->
</testng-results>
