<?xml version="1.0" encoding="UTF-8"?>
<testng-results ignored="0" total="1" passed="1" failed="0" skipped="0">
  <reporter-output>
  </reporter-output>
  <suite started-at="2023-06-05T10:20:24 IST" name="calculation" finished-at="2023-06-05T10:22:16 IST" duration-ms="111714">
    <groups>
    </groups>
    <test started-at="2023-06-05T10:20:24 IST" name="POM" finished-at="2023-06-05T10:22:16 IST" duration-ms="111714">
      <class name="testpages.SigninTest">
        <test-method signature="doLogin()[pri:0, instance:testpages.SigninTest@62150f9e]" started-at="2023-06-05T10:20:24 IST" name="doLogin" finished-at="2023-06-05T10:22:16 IST" duration-ms="111625" status="PASS">
          <reporter-output>
          </reporter-output>
        </test-method> <!-- doLogin -->
      </class> <!-- testpages.SigninTest -->
    </test> <!-- POM -->
  </suite> <!-- calculation -->
</testng-results>
